<?xml version="1.0" encoding="UTF-8"?>
<testsuite name="ru.itmo.mit.git.GitTest" tests="1" skipped="0" failures="0" errors="0" timestamp="2021-05-28T20:03:27" hostname="olesya-Aspire-V3-371" time="0.38">
  <properties/>
  <testcase name="testCheckoutFile()" classname="ru.itmo.mit.git.GitTest" time="0.38"/>
  <system-out><![CDATA[----------------------------
Command: init
Project initialized
----------------------------
Create file 'file.txt' with content 'aaa'
----------------------------
Command: add file.txt
Addition completed successfully
----------------------------
Command: commit Add file.txt
Commit completed successfully
----------------------------
Delete file file.txt
----------------------------
Command: status
On branch: master
Current commit hash: xN9oF5BHC2

Deleted files:
/home/olesya/HSE_2020-1/java/java_hw1_attempt/java-1-hse-2021/playground/file.txt
----------------------------
Command: checkout -- file.txt
Checkout completed successfully
----------------------------
Command: content of file file.txt
aaa
----------------------------
Command: status
On branch: master
Current commit hash: xN9oF5BHC2
Everything is up to date.
----------------------------
Create file 'file.txt' with content 'bbb'
----------------------------
Command: content of file file.txt
bbb
----------------------------
Command: status
On branch: master
Current commit hash: xN9oF5BHC2

Modified files:
/home/olesya/HSE_2020-1/java/java_hw1_attempt/java-1-hse-2021/playground/file.txt
----------------------------
Command: checkout -- file.txt
Checkout completed successfully
----------------------------
Command: content of file file.txt
aaa
----------------------------
Command: status
On branch: master
Current commit hash: xN9oF5BHC2
Everything is up to date.
]]></system-out>
  <system-err><![CDATA[]]></system-err>
</testsuite>
